<?xml version="1.0" encoding="UTF-8"?>
<!-- Generated by org.testng.reporters.JUnitReportReporter -->
<testsuite hostname="QT-INHD-LT0694" failures="0" tests="92" name="com.PTMWeb.testcases.TC_AsureTaxPortal" time="54.644" errors="2" timestamp="2022-09-28T16:38:54 IST" skipped="89">
  <testcase classname="com.PTMWeb.testcases.TC_AsureTaxPortal" name="TC_25_User_downloads_the_Recent_Liabilities_by_searching_with_Entry_Date" time="2.268">
    <skipped/>
  </testcase> <!-- TC_25_User_downloads_the_Recent_Liabilities_by_searching_with_Entry_Date -->
  <system-out/>
  <testcase classname="com.PTMWeb.testcases.TC_AsureTaxPortal" name="TC_56_Validate_User_can_view_the_Recent_Liabilities_Tax_records_by_searching_with_Amount" time="0.000">
    <skipped/>
  </testcase> <!-- TC_56_Validate_User_can_view_the_Recent_Liabilities_Tax_records_by_searching_with_Amount -->
  <system-out/>
  <testcase classname="com.PTMWeb.testcases.TC_AsureTaxPortal" name="TC_74_BH_BAKERY_Validate_User_can_view_the_Tax_Agencies_by_searching_with_Tax_Rate" time="0.000">
    <skipped/>
  </testcase> <!-- TC_74_BH_BAKERY_Validate_User_can_view_the_Tax_Agencies_by_searching_with_Tax_Rate -->
  <system-out/>
  <testcase classname="com.PTMWeb.testcases.TC_AsureTaxPortal" name="TC_70_BH_BAKERY_Validate_User_can_view_the_Tax_Agencies_by_searching_with_Main_Agency_ID" time="0.000">
    <skipped/>
  </testcase> <!-- TC_70_BH_BAKERY_Validate_User_can_view_the_Tax_Agencies_by_searching_with_Main_Agency_ID -->
  <system-out/>
  <testcase classname="com.PTMWeb.testcases.TC_AsureTaxPortal" name="TC_34_Validate_User_can_view_the_Tax_Agencies_by_searching_with_Agency_ID" time="0.000">
    <skipped/>
  </testcase> <!-- TC_34_Validate_User_can_view_the_Tax_Agencies_by_searching_with_Agency_ID -->
  <system-out/>
  <testcase classname="com.PTMWeb.testcases.TC_AsureTaxPortal" name="TC_71_BH_BAKERY_Validate_User_can_view_the_Tax_Agencies_by_searching_with_Client_Tax_ID" time="0.000">
    <skipped/>
  </testcase> <!-- TC_71_BH_BAKERY_Validate_User_can_view_the_Tax_Agencies_by_searching_with_Client_Tax_ID -->
  <system-out/>
  <testcase classname="com.PTMWeb.testcases.TC_AsureTaxPortal" name="TC_30_Validate_User_can_view_the_Tax_Packages_by_selecting_quarter_and_year" time="0.000">
    <skipped/>
  </testcase> <!-- TC_30_Validate_User_can_view_the_Tax_Packages_by_selecting_quarter_and_year -->
  <system-out/>
  <testcase classname="com.PTMWeb.testcases.TC_AsureTaxPortal" name="TC_66_BHBakery_Validate_user_can_view_the_company_details_by_selecting_BH_BAKERY_INC" time="0.000">
    <skipped/>
  </testcase> <!-- TC_66_BHBakery_Validate_user_can_view_the_company_details_by_selecting_BH_BAKERY_INC -->
  <system-out/>
  <testcase classname="com.PTMWeb.testcases.TC_AsureTaxPortal" name="TC_03_User_downloads_the_Liabilities_issues_Report_by_searching_with_Reason" time="0.000">
    <skipped/>
  </testcase> <!-- TC_03_User_downloads_the_Liabilities_issues_Report_by_searching_with_Reason -->
  <system-out/>
  <testcase classname="com.PTMWeb.testcases.TC_AsureTaxPortal" name="TC_84_TIBERIUM_SYSTEMS_Validate_user_can_view_the_contact_by_selecting_TIBERIUM_SYSTEMS_LLC" time="0.000">
    <skipped/>
  </testcase> <!-- TC_84_TIBERIUM_SYSTEMS_Validate_user_can_view_the_contact_by_selecting_TIBERIUM_SYSTEMS_LLC -->
  <system-out/>
  <testcase classname="com.PTMWeb.testcases.TC_AsureTaxPortal" name="TC_BHBAKERY_62_User_downloads_the_Payment_issues_Report_by_searching_with_Amount" time="0.000">
    <skipped/>
  </testcase> <!-- TC_BHBAKERY_62_User_downloads_the_Payment_issues_Report_by_searching_with_Amount -->
  <system-out/>
  <testcase classname="com.PTMWeb.testcases.TC_AsureTaxPortal" name="TC_46_Validate_User_can_view_the_Upcoming_Payments_record_by_searching_with_PayrollID" time="0.000">
    <skipped/>
  </testcase> <!-- TC_46_Validate_User_can_view_the_Upcoming_Payments_record_by_searching_with_PayrollID -->
  <system-out/>
  <testcase classname="com.PTMWeb.testcases.TC_AsureTaxPortal" name="TC_65_Validate_User_can_view_the_Tax_Packages_by_selecting_quarter_and_year" time="0.000">
    <skipped/>
  </testcase> <!-- TC_65_Validate_User_can_view_the_Tax_Packages_by_selecting_quarter_and_year -->
  <system-out/>
  <testcase classname="com.PTMWeb.testcases.TC_AsureTaxPortal" name="TC_BHBAKERY_80_TIBERIUM_SYSTEMS_User_downloads_the_Payment_issues_Report_by_searching_with_Reason_Code" time="0.000">
    <skipped/>
  </testcase> <!-- TC_BHBAKERY_80_TIBERIUM_SYSTEMS_User_downloads_the_Payment_issues_Report_by_searching_with_Reason_Code -->
  <system-out/>
  <testcase classname="com.PTMWeb.testcases.TC_AsureTaxPortal" name="TC_28_Validating_the_Description_in_Recent_Liabilities" time="0.000">
    <skipped/>
  </testcase> <!-- TC_28_Validating_the_Description_in_Recent_Liabilities -->
  <system-out/>
  <testcase classname="com.PTMWeb.testcases.TC_AsureTaxPortal" name="TC_35_Validate_User_can_view_the_Tax_Agencies_by_searching_with_Description" time="0.000">
    <skipped/>
  </testcase> <!-- TC_35_Validate_User_can_view_the_Tax_Agencies_by_searching_with_Description -->
  <system-out/>
  <testcase classname="com.PTMWeb.testcases.TC_AsureTaxPortal" name="TC_18_User_downloads_the_Applied_For_Report_by_searching_with_Amount" time="0.000">
    <skipped/>
  </testcase> <!-- TC_18_User_downloads_the_Applied_For_Report_by_searching_with_Amount -->
  <system-out/>
  <testcase classname="com.PTMWeb.testcases.TC_AsureTaxPortal" name="TC_85_TIBERIUM_SYSTEMS_Validate_User_can_view_the_Tax_Agencies_by_searching_with_Agency_ID" time="0.000">
    <skipped/>
  </testcase> <!-- TC_85_TIBERIUM_SYSTEMS_Validate_User_can_view_the_Tax_Agencies_by_searching_with_Agency_ID -->
  <system-out/>
  <testcase classname="com.PTMWeb.testcases.TC_AsureTaxPortal" name="TC_90_TIBERIUM_SYSTEMS_Validate_User_can_view_the_Tax_Agencies_by_searching_with_Frequency" time="0.000">
    <skipped/>
  </testcase> <!-- TC_90_TIBERIUM_SYSTEMS_Validate_User_can_view_the_Tax_Agencies_by_searching_with_Frequency -->
  <system-out/>
  <testcase classname="com.PTMWeb.testcases.TC_AsureTaxPortal" name="TC_02_User_downloads_the_Liabilities_issues_Report_by_searching_with_Check_Date" time="14.041">
    <error message="Session ID is null. Using WebDriver after calling quit()?
Build info: version: &#039;4.3.0&#039;, revision: &#039;a4995e2c09*&#039;
System info: host: &#039;QT-INHD-LT0694&#039;, ip: &#039;192.168.1.8&#039;, os.name: &#039;Windows 10&#039;, os.arch: &#039;amd64&#039;, os.version: &#039;10.0&#039;, java.version: &#039;17.0.3&#039;
Driver info: org.openqa.selenium.chrome.ChromeDriver
Command: [null, findElement {using=xpath, value=//input[@class=&#039;k-input-inner&#039;]}]
Capabilities {acceptInsecureCerts: false, browserName: chrome, browserVersion: 105.0.5195.127, chrome: {chromedriverVersion: 105.0.5195.52 (412c95e51883..., userDataDir: C:\Users\VEERAL~1.BIK\AppDa...}, goog:chromeOptions: {debuggerAddress: localhost:54676}, networkConnectionEnabled: false, pageLoadStrategy: normal, platformName: WINDOWS, proxy: Proxy(), se:cdp: ws://localhost:54676/devtoo..., se:cdpVersion: 105.0.5195.127, setWindowRect: true, strictFileInteractability: false, timeouts: {implicit: 0, pageLoad: 300000, script: 30000}, unhandledPromptBehavior: dismiss and notify, webauthn:extension:credBlob: true, webauthn:extension:largeBlob: true, webauthn:virtualAuthenticators: true}" type="org.openqa.selenium.NoSuchSessionException">
      <![CDATA[org.openqa.selenium.NoSuchSessionException: Session ID is null. Using WebDriver after calling quit()?
Build info: version: '4.3.0', revision: 'a4995e2c09*'
System info: host: 'QT-INHD-LT0694', ip: '192.168.1.8', os.name: 'Windows 10', os.arch: 'amd64', os.version: '10.0', java.version: '17.0.3'
Driver info: org.openqa.selenium.chrome.ChromeDriver
Command: [null, findElement {using=xpath, value=//input[@class='k-input-inner']}]
Capabilities {acceptInsecureCerts: false, browserName: chrome, browserVersion: 105.0.5195.127, chrome: {chromedriverVersion: 105.0.5195.52 (412c95e51883..., userDataDir: C:\Users\VEERAL~1.BIK\AppDa...}, goog:chromeOptions: {debuggerAddress: localhost:54676}, networkConnectionEnabled: false, pageLoadStrategy: normal, platformName: WINDOWS, proxy: Proxy(), se:cdp: ws://localhost:54676/devtoo..., se:cdpVersion: 105.0.5195.127, setWindowRect: true, strictFileInteractability: false, timeouts: {implicit: 0, pageLoad: 300000, script: 30000}, unhandledPromptBehavior: dismiss and notify, webauthn:extension:credBlob: true, webauthn:extension:largeBlob: true, webauthn:virtualAuthenticators: true}
at org.openqa.selenium.remote.HttpCommandExecutor.execute(HttpCommandExecutor.java:145)
at org.openqa.selenium.remote.service.DriverCommandExecutor.invokeExecute(DriverCommandExecutor.java:167)
at org.openqa.selenium.remote.service.DriverCommandExecutor.execute(DriverCommandExecutor.java:142)
at org.openqa.selenium.remote.RemoteWebDriver.execute(RemoteWebDriver.java:569)
at org.openqa.selenium.remote.ElementLocation$ElementFinder$2.findElement(ElementLocation.java:162)
at org.openqa.selenium.remote.ElementLocation.findElement(ElementLocation.java:60)
at org.openqa.selenium.remote.RemoteWebDriver.findElement(RemoteWebDriver.java:387)
at org.openqa.selenium.remote.RemoteWebDriver.findElement(RemoteWebDriver.java:379)
at org.openqa.selenium.support.pagefactory.DefaultElementLocator.findElement(DefaultElementLocator.java:70)
at org.openqa.selenium.support.pagefactory.internal.LocatingElementHandler.invoke(LocatingElementHandler.java:39)
at jdk.proxy2/jdk.proxy2.$Proxy20.toString(Unknown Source)
at java.base/java.lang.String.valueOf(String.java:4218)
at java.base/java.lang.StringBuilder.append(StringBuilder.java:173)
at com.PTMWeb.pages.LiabilitiesIssuesPage.searchwithCheckDate(LiabilitiesIssuesPage.java:139)
at com.PTMWeb.testcases.TC_AsureTaxPortal.TC_02_User_downloads_the_Liabilities_issues_Report_by_searching_with_Check_Date(TC_AsureTaxPortal.java:60)
at java.base/jdk.internal.reflect.NativeMethodAccessorImpl.invoke0(Native Method)
at java.base/jdk.internal.reflect.NativeMethodAccessorImpl.invoke(NativeMethodAccessorImpl.java:77)
at java.base/jdk.internal.reflect.DelegatingMethodAccessorImpl.invoke(DelegatingMethodAccessorImpl.java:43)
at java.base/java.lang.reflect.Method.invoke(Method.java:568)
at org.testng.internal.invokers.MethodInvocationHelper.invokeMethod(MethodInvocationHelper.java:139)
at org.testng.internal.invokers.TestInvoker.invokeMethod(TestInvoker.java:677)
at org.testng.internal.invokers.TestInvoker.invokeTestMethod(TestInvoker.java:221)
at org.testng.internal.invokers.MethodRunner.runInSequence(MethodRunner.java:50)
at org.testng.internal.invokers.TestInvoker$MethodInvocationAgent.invoke(TestInvoker.java:962)
at org.testng.internal.invokers.TestInvoker.invokeTestMethods(TestInvoker.java:194)
at org.testng.internal.invokers.TestMethodWorker.invokeTestMethods(TestMethodWorker.java:148)
at org.testng.internal.invokers.TestMethodWorker.run(TestMethodWorker.java:128)
at java.base/java.util.ArrayList.forEach(ArrayList.java:1511)
at org.testng.TestRunner.privateRun(TestRunner.java:806)
at org.testng.TestRunner.run(TestRunner.java:601)
at org.testng.SuiteRunner.runTest(SuiteRunner.java:433)
at org.testng.SuiteRunner.runSequentially(SuiteRunner.java:427)
at org.testng.SuiteRunner.privateRun(SuiteRunner.java:387)
at org.testng.SuiteRunner.run(SuiteRunner.java:330)
at org.testng.SuiteRunnerWorker.runSuite(SuiteRunnerWorker.java:52)
at org.testng.SuiteRunnerWorker.run(SuiteRunnerWorker.java:95)
at org.testng.TestNG.runSuitesSequentially(TestNG.java:1256)
at org.testng.TestNG.runSuitesLocally(TestNG.java:1176)
at org.testng.TestNG.runSuites(TestNG.java:1099)
at org.testng.TestNG.run(TestNG.java:1067)
at org.testng.remote.AbstractRemoteTestNG.run(AbstractRemoteTestNG.java:115)
at org.testng.remote.RemoteTestNG.initAndRun(RemoteTestNG.java:251)
at org.testng.remote.RemoteTestNG.main(RemoteTestNG.java:77)
]]>
    </error>
  </testcase> <!-- TC_02_User_downloads_the_Liabilities_issues_Report_by_searching_with_Check_Date -->
  <system-out/>
  <testcase classname="com.PTMWeb.testcases.TC_AsureTaxPortal" name="TC_12_User_downloads_the_NSF_Hold_Report_by_searching_with_Description" time="0.000">
    <skipped/>
  </testcase> <!-- TC_12_User_downloads_the_NSF_Hold_Report_by_searching_with_Description -->
  <system-out/>
  <testcase classname="com.PTMWeb.testcases.TC_AsureTaxPortal" name="TC_48_Validate_User_can_view_the_Upcoming_Payments_record_by_searching_with_Description" time="0.000">
    <skipped/>
  </testcase> <!-- TC_48_Validate_User_can_view_the_Upcoming_Payments_record_by_searching_with_Description -->
  <system-out/>
  <testcase classname="com.PTMWeb.testcases.TC_AsureTaxPortal" name="TC_31_Validate_User_can_download_the_Tax_Packages_by_selecting_quarter_and_year" time="0.000">
    <skipped/>
  </testcase> <!-- TC_31_Validate_User_can_download_the_Tax_Packages_by_selecting_quarter_and_year -->
  <system-out/>
  <testcase classname="com.PTMWeb.testcases.TC_AsureTaxPortal" name="TC_16_User_downloads_the_Applied_For_Report_by_searching_with_Description" time="0.000">
    <skipped/>
  </testcase> <!-- TC_16_User_downloads_the_Applied_For_Report_by_searching_with_Description -->
  <system-out/>
  <testcase classname="com.PTMWeb.testcases.TC_AsureTaxPortal" name="TC_04_User_downloads_the_Payment_issues_Report_by_searching_with_Payroll_ID" time="0.000">
    <skipped/>
  </testcase> <!-- TC_04_User_downloads_the_Payment_issues_Report_by_searching_with_Payroll_ID -->
  <system-out/>
  <testcase classname="com.PTMWeb.testcases.TC_AsureTaxPortal" name="TC_14_User_downloads_the_Applied_For_Report_by_searching_with_PayrollID" time="0.000">
    <skipped/>
  </testcase> <!-- TC_14_User_downloads_the_Applied_For_Report_by_searching_with_PayrollID -->
  <system-out/>
  <testcase classname="com.PTMWeb.testcases.TC_AsureTaxPortal" name="TC_BHBAKERY_76_TIBERIUM_SYSTEMS_User_downloads_the_Payment_issues_Report_by_searching_with_Agency_ID" time="0.000">
    <skipped/>
  </testcase> <!-- TC_BHBAKERY_76_TIBERIUM_SYSTEMS_User_downloads_the_Payment_issues_Report_by_searching_with_Agency_ID -->
  <system-out/>
  <testcase classname="com.PTMWeb.testcases.TC_AsureTaxPortal" name="TC_33_Validate_user_can_view_the_contact_by_selecting_DOUGH_NUTS_INC" time="0.000">
    <skipped/>
  </testcase> <!-- TC_33_Validate_user_can_view_the_contact_by_selecting_DOUGH_NUTS_INC -->
  <system-out/>
  <testcase classname="com.PTMWeb.testcases.TC_AsureTaxPortal" name="TC_54_Validate_User_can_view_the_Funding_Issues_by_searching_with_Reason" time="0.000">
    <skipped/>
  </testcase> <!-- TC_54_Validate_User_can_view_the_Funding_Issues_by_searching_with_Reason -->
  <system-out/>
  <testcase classname="com.PTMWeb.testcases.TC_AsureTaxPortal" name="TC_17_User_downloads_the_Applied_For_Report_by_searching_with_Check_Date" time="0.000">
    <skipped/>
  </testcase> <!-- TC_17_User_downloads_the_Applied_For_Report_by_searching_with_Check_Date -->
  <system-out/>
  <testcase classname="com.PTMWeb.testcases.TC_AsureTaxPortal" name="TC_01_User_downloads_the_Liabilities_issues_Report_by_searching_with_Payroll_ID" time="36.323"/>
  <system-out/>
  <testcase classname="com.PTMWeb.testcases.TC_AsureTaxPortal" name="TC_38_Validate_User_can_view_the_Tax_Agencies_by_searching_with_Frequency_Type" time="0.000">
    <skipped/>
  </testcase> <!-- TC_38_Validate_User_can_view_the_Tax_Agencies_by_searching_with_Frequency_Type -->
  <system-out/>
  <testcase classname="com.PTMWeb.testcases.TC_AsureTaxPortal" name="TC_82_TIBERIUM_SYSTEMS_Validate_User_can_view_the_Tax_Packages_by_selecting_quarter_and_year" time="0.000">
    <skipped/>
  </testcase> <!-- TC_82_TIBERIUM_SYSTEMS_Validate_User_can_view_the_Tax_Packages_by_selecting_quarter_and_year -->
  <system-out/>
  <testcase classname="com.PTMWeb.testcases.TC_AsureTaxPortal" name="TC_19_User_downloads_the_Applied_For_Report_by_searching_with_Due_date" time="0.000">
    <skipped/>
  </testcase> <!-- TC_19_User_downloads_the_Applied_For_Report_by_searching_with_Due_date -->
  <system-out/>
  <testcase classname="com.PTMWeb.testcases.TC_AsureTaxPortal" name="TC_26_User_downloads_the_Recent_Liabilities_by_searching_with_Amount" time="0.000">
    <skipped/>
  </testcase> <!-- TC_26_User_downloads_the_Recent_Liabilities_by_searching_with_Amount -->
  <system-out/>
  <testcase classname="com.PTMWeb.testcases.TC_AsureTaxPortal" name="TC_32_Validate_user_can_view_the_company_details_by_selecting_DOUGH_NUTS_INC" time="0.001">
    <skipped/>
  </testcase> <!-- TC_32_Validate_user_can_view_the_company_details_by_selecting_DOUGH_NUTS_INC -->
  <system-out/>
  <testcase classname="com.PTMWeb.testcases.TC_AsureTaxPortal" name="TC_44_Validate_User_can_view_the_Upcoming_Payments_record_by_searching_with_Amount" time="0.000">
    <skipped/>
  </testcase> <!-- TC_44_Validate_User_can_view_the_Upcoming_Payments_record_by_searching_with_Amount -->
  <system-out/>
  <testcase classname="com.PTMWeb.testcases.TC_AsureTaxPortal" name="quitbrowser" time="2.010">
    <error message="Cannot invoke &quot;atu.testrecorder.media.MovieWriter.close()&quot; because &quot;this.w&quot; is null" type="java.lang.NullPointerException">
      <![CDATA[java.lang.NullPointerException: Cannot invoke "atu.testrecorder.media.MovieWriter.close()" because "this.w" is null
at atu.testrecorder.ATUTestRecorder.stop(ATUTestRecorder.java:462)
at com.PTMWeb.utilities.Baseclass.quitbrowser(Baseclass.java:338)
at java.base/jdk.internal.reflect.NativeMethodAccessorImpl.invoke0(Native Method)
at java.base/jdk.internal.reflect.NativeMethodAccessorImpl.invoke(NativeMethodAccessorImpl.java:77)
at java.base/jdk.internal.reflect.DelegatingMethodAccessorImpl.invoke(DelegatingMethodAccessorImpl.java:43)
at java.base/java.lang.reflect.Method.invoke(Method.java:568)
at org.testng.internal.invokers.MethodInvocationHelper.invokeMethod(MethodInvocationHelper.java:139)
at org.testng.internal.invokers.MethodInvocationHelper.invokeMethodConsideringTimeout(MethodInvocationHelper.java:69)
at org.testng.internal.invokers.ConfigInvoker.invokeConfigurationMethod(ConfigInvoker.java:361)
at org.testng.internal.invokers.ConfigInvoker.invokeConfigurations(ConfigInvoker.java:296)
at org.testng.internal.invokers.TestInvoker.runConfigMethods(TestInvoker.java:816)
at org.testng.internal.invokers.TestInvoker.runAfterConfigurations(TestInvoker.java:785)
at org.testng.internal.invokers.TestInvoker.invokeMethod(TestInvoker.java:761)
at org.testng.internal.invokers.TestInvoker.invokeTestMethod(TestInvoker.java:221)
at org.testng.internal.invokers.MethodRunner.runInSequence(MethodRunner.java:50)
at org.testng.internal.invokers.TestInvoker$MethodInvocationAgent.invoke(TestInvoker.java:962)
at org.testng.internal.invokers.TestInvoker.invokeTestMethods(TestInvoker.java:194)
at org.testng.internal.invokers.TestMethodWorker.invokeTestMethods(TestMethodWorker.java:148)
at org.testng.internal.invokers.TestMethodWorker.run(TestMethodWorker.java:128)
at java.base/java.util.ArrayList.forEach(ArrayList.java:1511)
at org.testng.TestRunner.privateRun(TestRunner.java:806)
at org.testng.TestRunner.run(TestRunner.java:601)
at org.testng.SuiteRunner.runTest(SuiteRunner.java:433)
at org.testng.SuiteRunner.runSequentially(SuiteRunner.java:427)
at org.testng.SuiteRunner.privateRun(SuiteRunner.java:387)
at org.testng.SuiteRunner.run(SuiteRunner.java:330)
at org.testng.SuiteRunnerWorker.runSuite(SuiteRunnerWorker.java:52)
at org.testng.SuiteRunnerWorker.run(SuiteRunnerWorker.java:95)
at org.testng.TestNG.runSuitesSequentially(TestNG.java:1256)
at org.testng.TestNG.runSuitesLocally(TestNG.java:1176)
at org.testng.TestNG.runSuites(TestNG.java:1099)
at org.testng.TestNG.run(TestNG.java:1067)
at org.testng.remote.AbstractRemoteTestNG.run(AbstractRemoteTestNG.java:115)
at org.testng.remote.RemoteTestNG.initAndRun(RemoteTestNG.java:251)
at org.testng.remote.RemoteTestNG.main(RemoteTestNG.java:77)
]]>
    </error>
  </testcase> <!-- quitbrowser -->
  <system-out/>
  <testcase classname="com.PTMWeb.testcases.TC_AsureTaxPortal" name="TC_08_User_downloads_the_Payment_issues_Report_by_searching_with_Amount" time="0.000">
    <skipped/>
  </testcase> <!-- TC_08_User_downloads_the_Payment_issues_Report_by_searching_with_Amount -->
  <system-out/>
  <testcase classname="com.PTMWeb.testcases.TC_AsureTaxPortal" name="TC_89_TIBERIUM_SYSTEMS_Validate_User_can_view_the_Tax_Agencies_by_searching_with_Frequency_Type" time="0.000">
    <skipped/>
  </testcase> <!-- TC_89_TIBERIUM_SYSTEMS_Validate_User_can_view_the_Tax_Agencies_by_searching_with_Frequency_Type -->
  <system-out/>
  <testcase classname="com.PTMWeb.testcases.TC_AsureTaxPortal" name="TC_11_User_downloads_the_NSF_Hold_Report_by_searching_with_Agency_ID" time="0.000">
    <skipped/>
  </testcase> <!-- TC_11_User_downloads_the_NSF_Hold_Report_by_searching_with_Agency_ID -->
  <system-out/>
  <testcase classname="com.PTMWeb.testcases.TC_AsureTaxPortal" name="TC_BHBAKERY_63_User_downloads_the_Payment_issues_Report_by_searching_with_Reason_code" time="0.000">
    <skipped/>
  </testcase> <!-- TC_BHBAKERY_63_User_downloads_the_Payment_issues_Report_by_searching_with_Reason_code -->
  <system-out/>
  <testcase classname="com.PTMWeb.testcases.TC_AsureTaxPortal" name="TC_15_User_downloads_the_Applied_For_Report_by_searching_with_AgencyID" time="0.000">
    <skipped/>
  </testcase> <!-- TC_15_User_downloads_the_Applied_For_Report_by_searching_with_AgencyID -->
  <system-out/>
  <testcase classname="com.PTMWeb.testcases.TC_AsureTaxPortal" name="TC_64_BHBAKERY_Validate_NSF_Hold_Card_colour_is_Red_if_the_status_of_NSF_Hold_is_Yes_Or_Card_colour_should_be_Green_if_the_status_of_NSF_Hold_is_No_in_company_details" time="0.000">
    <skipped/>
  </testcase> <!-- TC_64_BHBAKERY_Validate_NSF_Hold_Card_colour_is_Red_if_the_status_of_NSF_Hold_is_Yes_Or_Card_colour_should_be_Green_if_the_status_of_NSF_Hold_is_No_in_company_details -->
  <system-out/>
  <testcase classname="com.PTMWeb.testcases.TC_AsureTaxPortal" name="TC_47_Validate_User_can_view_the_Upcoming_Payments_record_by_searching_with_AgencyID" time="0.001">
    <skipped/>
  </testcase> <!-- TC_47_Validate_User_can_view_the_Upcoming_Payments_record_by_searching_with_AgencyID -->
  <system-out/>
  <testcase classname="com.PTMWeb.testcases.TC_AsureTaxPortal" name="TC_BHBAKERY_60_User_downloads_the_Payment_issues_Report_by_searching_with_Description" time="0.000">
    <skipped/>
  </testcase> <!-- TC_BHBAKERY_60_User_downloads_the_Payment_issues_Report_by_searching_with_Description -->
  <system-out/>
  <testcase classname="com.PTMWeb.testcases.TC_AsureTaxPortal" name="TC_68_BH_BAKERY_Validate_User_can_view_the_Tax_Agencies_by_searching_with_Agency_ID" time="0.000">
    <skipped/>
  </testcase> <!-- TC_68_BH_BAKERY_Validate_User_can_view_the_Tax_Agencies_by_searching_with_Agency_ID -->
  <system-out/>
  <testcase classname="com.PTMWeb.testcases.TC_AsureTaxPortal" name="TC_BHBAKERY_78_TIBERIUM_SYSTEMS_User_downloads_the_Payment_issues_Report_by_searching_with_Due_date" time="0.000">
    <skipped/>
  </testcase> <!-- TC_BHBAKERY_78_TIBERIUM_SYSTEMS_User_downloads_the_Payment_issues_Report_by_searching_with_Due_date -->
  <system-out/>
  <testcase classname="com.PTMWeb.testcases.TC_AsureTaxPortal" name="TC_42_Validate_User_can_search_and_download_the_Announcements_in_Pdf_file" time="0.000">
    <skipped/>
  </testcase> <!-- TC_42_Validate_User_can_search_and_download_the_Announcements_in_Pdf_file -->
  <system-out/>
  <testcase classname="com.PTMWeb.testcases.TC_AsureTaxPortal" name="TC_BHBAKERY_75_TIBERIUM_SYSTEMS_User_downloads_the_Payment_issues_Report_by_searching_with_Payroll_ID" time="0.000">
    <skipped/>
  </testcase> <!-- TC_BHBAKERY_75_TIBERIUM_SYSTEMS_User_downloads_the_Payment_issues_Report_by_searching_with_Payroll_ID -->
  <system-out/>
  <testcase classname="com.PTMWeb.testcases.TC_AsureTaxPortal" name="TC_49_Validate_User_can_view_the_Upcoming_Payments_record_by_searching_with_Duedate1" time="0.000">
    <skipped/>
  </testcase> <!-- TC_49_Validate_User_can_view_the_Upcoming_Payments_record_by_searching_with_Duedate1 -->
  <system-out/>
  <testcase classname="com.PTMWeb.testcases.TC_AsureTaxPortal" name="TC_24_User_downloads_the_Recent_Liabilities_by_searching_with_Check_Date" time="0.000">
    <skipped/>
  </testcase> <!-- TC_24_User_downloads_the_Recent_Liabilities_by_searching_with_Check_Date -->
  <system-out/>
  <testcase classname="com.PTMWeb.testcases.TC_AsureTaxPortal" name="TC_BHBAKERY_58_User_downloads_the_Payment_issues_Report_by_searching_with_Payroll_ID" time="0.000">
    <skipped/>
  </testcase> <!-- TC_BHBAKERY_58_User_downloads_the_Payment_issues_Report_by_searching_with_Payroll_ID -->
  <system-out/>
  <testcase classname="com.PTMWeb.testcases.TC_AsureTaxPortal" name="TC_57_Validate_User_can_view_the_NSF_Hold_Card_color_as_Red_if_NSF_Hold_records_are_displayed_in_the_table" time="0.000">
    <skipped/>
  </testcase> <!-- TC_57_Validate_User_can_view_the_NSF_Hold_Card_color_as_Red_if_NSF_Hold_records_are_displayed_in_the_table -->
  <system-out/>
  <testcase classname="com.PTMWeb.testcases.TC_AsureTaxPortal" name="TC_39_Validate_User_can_view_the_Tax_Agencies_by_searching_with_Frequency" time="0.000">
    <skipped/>
  </testcase> <!-- TC_39_Validate_User_can_view_the_Tax_Agencies_by_searching_with_Frequency -->
  <system-out/>
  <testcase classname="com.PTMWeb.testcases.TC_AsureTaxPortal" name="TC_37_Validate_User_can_view_the_Tax_Agencies_by_searching_with_Client_Tax_ID" time="0.000">
    <skipped/>
  </testcase> <!-- TC_37_Validate_User_can_view_the_Tax_Agencies_by_searching_with_Client_Tax_ID -->
  <system-out/>
  <testcase classname="com.PTMWeb.testcases.TC_AsureTaxPortal" name="TC_51_Validate_User_can_view_the_Funding_Issues_by_searching_with_PayrollID" time="0.000">
    <skipped/>
  </testcase> <!-- TC_51_Validate_User_can_view_the_Funding_Issues_by_searching_with_PayrollID -->
  <system-out/>
  <testcase classname="com.PTMWeb.testcases.TC_AsureTaxPortal" name="TC_13_User_downloads_the_NSF_Hold_Report_by_searching_with_Amount" time="0.000">
    <skipped/>
  </testcase> <!-- TC_13_User_downloads_the_NSF_Hold_Report_by_searching_with_Amount -->
  <system-out/>
  <testcase classname="com.PTMWeb.testcases.TC_AsureTaxPortal" name="TC_41_Validate_User_can_search_and_download_the_Announcements_in_Excel_file" time="0.000">
    <skipped/>
  </testcase> <!-- TC_41_Validate_User_can_search_and_download_the_Announcements_in_Excel_file -->
  <system-out/>
  <testcase classname="com.PTMWeb.testcases.TC_AsureTaxPortal" name="TC_BHBAKERY_61_User_downloads_the_Payment_issues_Report_by_searching_with_Duedate" time="0.000">
    <skipped/>
  </testcase> <!-- TC_BHBAKERY_61_User_downloads_the_Payment_issues_Report_by_searching_with_Duedate -->
  <system-out/>
  <testcase classname="com.PTMWeb.testcases.TC_AsureTaxPortal" name="TC_10_User_downloads_the_NSF_Hold_Report_by_searching_with_Payroll_ID" time="0.000">
    <skipped/>
  </testcase> <!-- TC_10_User_downloads_the_NSF_Hold_Report_by_searching_with_Payroll_ID -->
  <system-out/>
  <testcase classname="com.PTMWeb.testcases.TC_AsureTaxPortal" name="TC_22_User_downloads_the_Alerts_Report_by_searching_with_Alert_Text" time="0.000">
    <skipped/>
  </testcase> <!-- TC_22_User_downloads_the_Alerts_Report_by_searching_with_Alert_Text -->
  <system-out/>
  <testcase classname="com.PTMWeb.testcases.TC_AsureTaxPortal" name="TC_67_BHBakery_Validate_user_can_view_the_contact_by_selecting_BH_BAKERY_INC" time="0.000">
    <skipped/>
  </testcase> <!-- TC_67_BHBakery_Validate_user_can_view_the_contact_by_selecting_BH_BAKERY_INC -->
  <system-out/>
  <testcase classname="com.PTMWeb.testcases.TC_AsureTaxPortal" name="TC_45_Validate_User_can_view_the_Upcoming_Payments_record_by_searching_with_Count" time="0.000">
    <skipped/>
  </testcase> <!-- TC_45_Validate_User_can_view_the_Upcoming_Payments_record_by_searching_with_Count -->
  <system-out/>
  <testcase classname="com.PTMWeb.testcases.TC_AsureTaxPortal" name="TC_91_TIBERIUM_SYSTEMS_Validate_User_can_view_the_Tax_Agencies_by_searching_with_Tax_Rate" time="0.000">
    <skipped/>
  </testcase> <!-- TC_91_TIBERIUM_SYSTEMS_Validate_User_can_view_the_Tax_Agencies_by_searching_with_Tax_Rate -->
  <system-out/>
  <testcase classname="com.PTMWeb.testcases.TC_AsureTaxPortal" name="TC_06_User_downloads_the_Payment_issues_Report_by_searching_with_Description" time="0.000">
    <skipped/>
  </testcase> <!-- TC_06_User_downloads_the_Payment_issues_Report_by_searching_with_Description -->
  <system-out/>
  <testcase classname="com.PTMWeb.testcases.TC_AsureTaxPortal" name="TC_69_BH_BAKERY_Validate_User_can_view_the_Tax_Agencies_by_searching_with_Description" time="0.000">
    <skipped/>
  </testcase> <!-- TC_69_BH_BAKERY_Validate_User_can_view_the_Tax_Agencies_by_searching_with_Description -->
  <system-out/>
  <testcase classname="com.PTMWeb.testcases.TC_AsureTaxPortal" name="TC_50_Validate_User_can_view_the_Upcoming_Payments_record_by_searching_with_Amount" time="0.000">
    <skipped/>
  </testcase> <!-- TC_50_Validate_User_can_view_the_Upcoming_Payments_record_by_searching_with_Amount -->
  <system-out/>
  <testcase classname="com.PTMWeb.testcases.TC_AsureTaxPortal" name="TC_72_BH_BAKERY_Validate_User_can_view_the_Tax_Agencies_by_searching_with_Frequency_Type" time="0.000">
    <skipped/>
  </testcase> <!-- TC_72_BH_BAKERY_Validate_User_can_view_the_Tax_Agencies_by_searching_with_Frequency_Type -->
  <system-out/>
  <testcase classname="com.PTMWeb.testcases.TC_AsureTaxPortal" name="TC_27_User_downloads_the_Recent_Liabilities_by_searching_with_Status" time="0.000">
    <skipped/>
  </testcase> <!-- TC_27_User_downloads_the_Recent_Liabilities_by_searching_with_Status -->
  <system-out/>
  <testcase classname="com.PTMWeb.testcases.TC_AsureTaxPortal" name="TC_29_Validate_NSF_Hold_Card_colour_is_Red_if_the_status_of_NSF_Hold_is_Yes_Or_Card_colour_should_be_Green_if_the_status_of_NSF_Hold_is_No_in_company_details" time="0.000">
    <skipped/>
  </testcase> <!-- TC_29_Validate_NSF_Hold_Card_colour_is_Red_if_the_status_of_NSF_Hold_is_Yes_Or_Card_colour_should_be_Green_if_the_status_of_NSF_Hold_is_No_in_company_details -->
  <system-out/>
  <testcase classname="com.PTMWeb.testcases.TC_AsureTaxPortal" name="TC_43_Validate_User_can_view_the_Upcoming_Payments_record_by_searching_with_Due_date" time="0.000">
    <skipped/>
  </testcase> <!-- TC_43_Validate_User_can_view_the_Upcoming_Payments_record_by_searching_with_Due_date -->
  <system-out/>
  <testcase classname="com.PTMWeb.testcases.TC_AsureTaxPortal" name="TC_83_TIBERIUM_SYSTEMS_Validate_user_can_view_the_company_details_by_selecting_TIBERIUM_SYSTEMS_LLC" time="0.000">
    <skipped/>
  </testcase> <!-- TC_83_TIBERIUM_SYSTEMS_Validate_user_can_view_the_company_details_by_selecting_TIBERIUM_SYSTEMS_LLC -->
  <system-out/>
  <testcase classname="com.PTMWeb.testcases.TC_AsureTaxPortal" name="TC_BHBAKERY_59_User_downloads_the_Payment_issues_Report_by_searching_with_Agency_ID" time="0.000">
    <skipped/>
  </testcase> <!-- TC_BHBAKERY_59_User_downloads_the_Payment_issues_Report_by_searching_with_Agency_ID -->
  <system-out/>
  <testcase classname="com.PTMWeb.testcases.TC_AsureTaxPortal" name="TC_21_User_downloads_the_Alerts_Report_by_searching_with_Alert_Name" time="0.000">
    <skipped/>
  </testcase> <!-- TC_21_User_downloads_the_Alerts_Report_by_searching_with_Alert_Name -->
  <system-out/>
  <testcase classname="com.PTMWeb.testcases.TC_AsureTaxPortal" name="TC_81_TIBERIUM_SYSTEMS_Validate_User_can_view_the_NSF_Hold_Card_color_as_Green_if_NSF_Hold_records_are_not_displayed_in_the_table" time="0.000">
    <skipped/>
  </testcase> <!-- TC_81_TIBERIUM_SYSTEMS_Validate_User_can_view_the_NSF_Hold_Card_color_as_Green_if_NSF_Hold_records_are_not_displayed_in_the_table -->
  <system-out/>
  <testcase classname="com.PTMWeb.testcases.TC_AsureTaxPortal" name="TC_52_Validate_User_can_view_the_Funding_Issues_by_searching_with_Amount" time="0.000">
    <skipped/>
  </testcase> <!-- TC_52_Validate_User_can_view_the_Funding_Issues_by_searching_with_Amount -->
  <system-out/>
  <testcase classname="com.PTMWeb.testcases.TC_AsureTaxPortal" name="TC_40_Validate_User_can_view_the_Tax_Agencies_by_searching_with_TaxRate" time="0.000">
    <skipped/>
  </testcase> <!-- TC_40_Validate_User_can_view_the_Tax_Agencies_by_searching_with_TaxRate -->
  <system-out/>
  <testcase classname="com.PTMWeb.testcases.TC_AsureTaxPortal" name="TC_73_BH_BAKERY_Validate_User_can_view_the_Tax_Agencies_by_searching_with_Frequency" time="0.000">
    <skipped/>
  </testcase> <!-- TC_73_BH_BAKERY_Validate_User_can_view_the_Tax_Agencies_by_searching_with_Frequency -->
  <system-out/>
  <testcase classname="com.PTMWeb.testcases.TC_AsureTaxPortal" name="TC_09_User_downloads_the_Payment_issues_Report_by_searching_with_Reason_Code" time="0.000">
    <skipped/>
  </testcase> <!-- TC_09_User_downloads_the_Payment_issues_Report_by_searching_with_Reason_Code -->
  <system-out/>
  <testcase classname="com.PTMWeb.testcases.TC_AsureTaxPortal" name="TC_BHBAKERY_79_TIBERIUM_SYSTEMS_User_downloads_the_Payment_issues_Report_by_searching_with_Amount" time="0.000">
    <skipped/>
  </testcase> <!-- TC_BHBAKERY_79_TIBERIUM_SYSTEMS_User_downloads_the_Payment_issues_Report_by_searching_with_Amount -->
  <system-out/>
  <testcase classname="com.PTMWeb.testcases.TC_AsureTaxPortal" name="TC_23_User_downloads_the_Recent_Liabilities_by_searching_with_Payroll_ID" time="0.000">
    <skipped/>
  </testcase> <!-- TC_23_User_downloads_the_Recent_Liabilities_by_searching_with_Payroll_ID -->
  <system-out/>
  <testcase classname="com.PTMWeb.testcases.TC_AsureTaxPortal" name="TC_20_User_downloads_the_Alerts_Report_by_searching_with_Active_From_Date" time="0.000">
    <skipped/>
  </testcase> <!-- TC_20_User_downloads_the_Alerts_Report_by_searching_with_Active_From_Date -->
  <system-out/>
  <testcase classname="com.PTMWeb.testcases.TC_AsureTaxPortal" name="TC_05_User_downloads_the_Payment_issues_Report_by_searching_with_Agency_ID" time="0.000">
    <skipped/>
  </testcase> <!-- TC_05_User_downloads_the_Payment_issues_Report_by_searching_with_Agency_ID -->
  <system-out/>
  <testcase classname="com.PTMWeb.testcases.TC_AsureTaxPortal" name="TC_07_User_downloads_the_Payment_issues_Report_by_searching_with_Due_Date" time="0.000">
    <skipped/>
  </testcase> <!-- TC_07_User_downloads_the_Payment_issues_Report_by_searching_with_Due_Date -->
  <system-out/>
  <testcase classname="com.PTMWeb.testcases.TC_AsureTaxPortal" name="TC_53_Validate_User_can_view_the_Funding_Issues_by_searching_with_FundingDate" time="0.000">
    <skipped/>
  </testcase> <!-- TC_53_Validate_User_can_view_the_Funding_Issues_by_searching_with_FundingDate -->
  <system-out/>
  <testcase classname="com.PTMWeb.testcases.TC_AsureTaxPortal" name="TC_BHBAKERY_77_TIBERIUM_SYSTEMS_User_downloads_the_Payment_issues_Report_by_searching_with_Description" time="0.000">
    <skipped/>
  </testcase> <!-- TC_BHBAKERY_77_TIBERIUM_SYSTEMS_User_downloads_the_Payment_issues_Report_by_searching_with_Description -->
  <system-out/>
  <testcase classname="com.PTMWeb.testcases.TC_AsureTaxPortal" name="TC_87_TIBERIUM_SYSTEMS_Validate_User_can_view_the_Tax_Agencies_by_searching_with_Main_Agency_ID" time="0.000">
    <skipped/>
  </testcase> <!-- TC_87_TIBERIUM_SYSTEMS_Validate_User_can_view_the_Tax_Agencies_by_searching_with_Main_Agency_ID -->
  <system-out/>
  <testcase classname="com.PTMWeb.testcases.TC_AsureTaxPortal" name="TC_36_Validate_User_can_view_the_Tax_Agencies_by_searching_with_Main_Agency_ID" time="0.000">
    <skipped/>
  </testcase> <!-- TC_36_Validate_User_can_view_the_Tax_Agencies_by_searching_with_Main_Agency_ID -->
  <system-out/>
  <testcase classname="com.PTMWeb.testcases.TC_AsureTaxPortal" name="TC_88_TIBERIUM_SYSTEMS_Validate_User_can_view_the_Tax_Agencies_by_searching_with_Client_Tax_ID" time="0.000">
    <skipped/>
  </testcase> <!-- TC_88_TIBERIUM_SYSTEMS_Validate_User_can_view_the_Tax_Agencies_by_searching_with_Client_Tax_ID -->
  <system-out/>
  <testcase classname="com.PTMWeb.testcases.TC_AsureTaxPortal" name="TC_55_Validate_User_can_view_the_Recent_Liabilities_Tax_records_by_searching_with_Description" time="0.000">
    <skipped/>
  </testcase> <!-- TC_55_Validate_User_can_view_the_Recent_Liabilities_Tax_records_by_searching_with_Description -->
  <system-out/>
  <testcase classname="com.PTMWeb.testcases.TC_AsureTaxPortal" name="TC_86_TIBERIUM_SYSTEMS_Validate_User_can_view_the_Tax_Agencies_by_searching_with_Description" time="0.000">
    <skipped/>
  </testcase> <!-- TC_86_TIBERIUM_SYSTEMS_Validate_User_can_view_the_Tax_Agencies_by_searching_with_Description -->
  <system-out/>
</testsuite> <!-- com.PTMWeb.testcases.TC_AsureTaxPortal -->
