<?xml version="1.0" encoding="UTF-8"?>
<!-- Generated by org.testng.reporters.JUnitReportReporter -->
<testsuite hostname="QT-INHD-LT0694" failures="0" tests="1" name="Testcases.TC_01" time="6.546" errors="0" timestamp="2022-08-10T18:00:32 IST" skipped="0">
  <testcase classname="Testcases.TC_01" name="setup" time="6.546"/>
  <system-out/>
</testsuite> <!-- Testcases.TC_01 -->
